<?xml version="1.0" encoding="UTF-8"?>
<!-- Generated by org.testng.reporters.JUnitReportReporter -->
<testsuite hostname="rushi-ThinkCentre-M71e" failures="0" tests="2" name="SampleTestBDD.PractiseGet" time="2.683" errors="0" timestamp="19 Nov 2018 11:38:37 GMT">
  <testcase classname="SampleTestBDD.PractiseGet" name="test_NumberOfCircuitsFor2017Season_ShouldBe20" time="2.370"/>
  <testcase classname="SampleTestBDD.PractiseGet" name="test_ResponseHeaderData_ShouldBeCorrect" time="0.313"/>
</testsuite> <!-- SampleTestBDD.PractiseGet -->
