<?xml version="1.0" encoding="UTF-8"?>
<!-- Generated by org.testng.reporters.JUnitReportReporter -->
<testsuite hostname="rushi-ThinkCentre-M71e" failures="0" tests="1" name="SampleTestBDD.POSTMethod" time="8.744" errors="0" timestamp="21 Nov 2018 11:18:12 GMT">
  <testcase classname="SampleTestBDD.POSTMethod" name="creteFeedComment" time="8.744"/>
</testsuite> <!-- SampleTestBDD.POSTMethod -->
