<?xml version="1.0" encoding="UTF-8"?>
<!-- Generated by org.testng.reporters.JUnitReportReporter -->
<testsuite hostname="rushi-ThinkCentre-M71e" failures="0" tests="1" name="SampleTestBDD.testGET" time="2.668" errors="0" timestamp="21 Nov 2018 07:16:38 GMT">
  <testcase classname="SampleTestBDD.testGET" name="testGETMethod" time="2.668"/>
</testsuite> <!-- SampleTestBDD.testGET -->
