<?xml version="1.0" encoding="UTF-8"?>
<!-- Generated by org.testng.reporters.JUnitReportReporter -->
<testsuite hostname="rushi-ThinkCentre-M71e" failures="0" tests="1" name="SampleTestBDD.loginTest" time="3.066" errors="0" timestamp="21 Nov 2018 10:21:23 GMT">
  <testcase classname="SampleTestBDD.loginTest" name="loginTest1" time="3.066"/>
</testsuite> <!-- SampleTestBDD.loginTest -->
