<?xml version="1.0" encoding="UTF-8"?>
<!-- Generated by org.testng.reporters.JUnitReportReporter -->
<testsuite hostname="rushi-ThinkCentre-M71e" failures="0" tests="1" name="SampleTestBDD.testAPI" time="1.401" errors="0" timestamp="19 Nov 2018 14:16:48 GMT">
  <testcase classname="SampleTestBDD.testAPI" name="jasonToString" time="1.401"/>
</testsuite> <!-- SampleTestBDD.testAPI -->
