<?xml version="1.0" encoding="UTF-8"?>
<!-- Generated by org.testng.reporters.JUnitReportReporter -->
<testsuite hostname="rushi-ThinkCentre-M71e" failures="0" tests="1" name="SampleTestBDD.GETMethodsTests" time="3.151" errors="0" timestamp="21 Nov 2018 11:44:13 GMT">
  <testcase classname="SampleTestBDD.GETMethodsTests" name="getNewsfeedData" time="3.151"/>
</testsuite> <!-- SampleTestBDD.GETMethodsTests -->
